[debug] [2020-05-21T02:28:28.002Z] ----------------------------------------------------------------------
[debug] [2020-05-21T02:28:28.005Z] Command:       /usr/local/bin/node /Users/jaimelovera/.npm-global/bin/firebase deploy
[debug] [2020-05-21T02:28:28.006Z] CLI Version:   8.1.1
[debug] [2020-05-21T02:28:28.006Z] Platform:      darwin
[debug] [2020-05-21T02:28:28.006Z] Node Version:  v12.16.1
[debug] [2020-05-21T02:28:28.007Z] Time:          Wed May 20 2020 19:28:28 GMT-0700 (Pacific Daylight Time)
[debug] [2020-05-21T02:28:28.007Z] ----------------------------------------------------------------------
[debug] [2020-05-21T02:28:28.007Z] 
[debug] [2020-05-21T02:28:28.025Z] > command requires scopes: ["email","openid","https://www.googleapis.com/auth/cloudplatformprojects.readonly","https://www.googleapis.com/auth/firebase","https://www.googleapis.com/auth/cloud-platform"]
[debug] [2020-05-21T02:28:28.026Z] > authorizing via signed-in user
[debug] [2020-05-21T02:28:28.026Z] [iam] checking project twitter-clone-b442b for permissions ["firebase.projects.get","firebasehosting.sites.update"]
[debug] [2020-05-21T02:28:28.029Z] >>> HTTP REQUEST POST https://cloudresourcemanager.googleapis.com/v1/projects/twitter-clone-b442b:testIamPermissions  
 {"permissions":["firebase.projects.get","firebasehosting.sites.update"]}
[debug] [2020-05-21T02:28:28.321Z] <<< HTTP RESPONSE 200 {"content-type":"application/json; charset=UTF-8","vary":"X-Origin, Referer, Origin,Accept-Encoding","date":"Thu, 21 May 2020 02:28:28 GMT","server":"ESF","cache-control":"private","x-xss-protection":"0","x-frame-options":"SAMEORIGIN","x-content-type-options":"nosniff","server-timing":"gfet4t7; dur=186","alt-svc":"h3-27=\":443\"; ma=2592000,h3-25=\":443\"; ma=2592000,h3-T050=\":443\"; ma=2592000,h3-Q050=\":443\"; ma=2592000,h3-Q049=\":443\"; ma=2592000,h3-Q048=\":443\"; ma=2592000,h3-Q046=\":443\"; ma=2592000,h3-Q043=\":443\"; ma=2592000,quic=\":443\"; ma=2592000; v=\"46,43\"","accept-ranges":"none","transfer-encoding":"chunked"}
[debug] [2020-05-21T02:28:28.323Z] >>> HTTP REQUEST GET https://firebase.googleapis.com/v1beta1/projects/twitter-clone-b442b  
 
[debug] [2020-05-21T02:28:28.526Z] <<< HTTP RESPONSE 200 {"content-type":"application/json; charset=UTF-8","vary":"X-Origin, Referer, Origin,Accept-Encoding","date":"Thu, 21 May 2020 02:28:28 GMT","server":"ESF","cache-control":"private","x-xss-protection":"0","x-frame-options":"SAMEORIGIN","x-content-type-options":"nosniff","alt-svc":"h3-27=\":443\"; ma=2592000,h3-25=\":443\"; ma=2592000,h3-T050=\":443\"; ma=2592000,h3-Q050=\":443\"; ma=2592000,h3-Q049=\":443\"; ma=2592000,h3-Q048=\":443\"; ma=2592000,h3-Q046=\":443\"; ma=2592000,h3-Q043=\":443\"; ma=2592000,quic=\":443\"; ma=2592000; v=\"46,43\"","accept-ranges":"none","transfer-encoding":"chunked"}
[info] 
[info] === Deploying to 'twitter-clone-b442b'...
[info] 
[info] i  deploying hosting
[debug] [2020-05-21T02:28:28.531Z] >>> HTTP REQUEST POST https://firebasehosting.googleapis.com/v1beta1/sites/twitter-clone-b442b/versions  
 {"config":{"rewrites":[{"glob":"**","path":"/index.html"}]},"labels":{"deployment-tool":"cli-firebase"}}
